<?xml version="1.0" encoding="UTF-8"?>
<!-- Generated by org.testng.reporters.JUnitXMLReporter -->
<testsuite ignored="0" hostname="BLR1-LHP-N80937" failures="0" tests="9" name="Test" time="39.695" errors="0" timestamp="2023-07-12T10:50:23 IST">
  <testcase classname="com.pom.SW_ProductCheckoutTest" name="ProductCheckOut" time="2.968"/>
  <testcase classname="com.pom.SW_VerificationOfCartValueTest" name="VerifiyCartValue" time="1.174"/>
  <testcase classname="com.pom.SW_VerifyProductsInCartTest" name="ProductCheckOut" time="1.19"/>
  <testcase classname="com.pom.SW_VerifyDifferentSortingTest" name="VerifySorting" time="1.517"/>
  <testcase classname="com.pom.SW_LoginTest" name="verifyErrorMeassageForInvalidUser" time="0.619"/>
  <testcase classname="com.pom.SW_LoginTest" name="verifyErrorMeassageForInvalidUser" time="0.586"/>
  <testcase classname="com.pom.SW_LoginTest" name="verifyErrorMeassageForInvalidUser" time="0.596"/>
  <testcase classname="com.pom.SW_LoginTest" name="verifyErrorMeassageForInvalidUser" time="0.634"/>
  <testcase classname="com.pom.SW_LoginTest" name="verifyErrorMeassageForInvalidUser" time="0.609"/>
</testsuite> <!-- Test -->
