<?xml version="1.0" encoding="UTF-8"?>
<!-- Generated by org.testng.reporters.JUnitXMLReporter -->
<testsuite ignored="0" hostname="BLR1-LHP-N80937" failures="0" tests="9" name="Test" time="20.9" errors="0" timestamp="2023-07-07T13:58:15 IST">
  <testcase classname="com.pom.SW_ProductCheckoutTest" name="ProductCheckOut" time="1.186"/>
  <testcase classname="com.pom.SW_VerificationOfCartValueTest" name="VerifiyCartValue" time="0.485"/>
  <testcase classname="com.pom.SW_VerifyProductsInCartTest" name="ProductCheckOut" time="0.446"/>
  <testcase classname="com.pom.SW_VerifyDifferentSortingTest" name="VerifySorting" time="0.588"/>
  <testcase classname="com.pom.SW_LoginTest" name="verifyErrorMeassageForInvalidUser" time="0.225"/>
  <testcase classname="com.pom.SW_LoginTest" name="verifyErrorMeassageForInvalidUser" time="0.199"/>
  <testcase classname="com.pom.SW_LoginTest" name="verifyErrorMeassageForInvalidUser" time="0.217"/>
  <testcase classname="com.pom.SW_LoginTest" name="verifyErrorMeassageForInvalidUser" time="0.209"/>
  <testcase classname="com.pom.SW_LoginTest" name="verifyErrorMeassageForInvalidUser" time="0.218"/>
</testsuite> <!-- Test -->
