<?xml version="1.0" encoding="UTF-8"?>
<testng-results ignored="0" total="9" passed="9" failed="0" skipped="0">
  <reporter-output>
  </reporter-output>
  <suite started-at="2023-07-12T10:49:43 IST" name="Suite" finished-at="2023-07-12T10:50:23 IST" duration-ms="39695">
    <groups>
    </groups>
    <test started-at="2023-07-12T10:49:43 IST" name="Test" finished-at="2023-07-12T10:50:23 IST" duration-ms="39695">
      <class name="com.pom.SW_VerifyDifferentSortingTest">
        <test-method is-config="true" signature="setUp()[pri:0, instance:com.pom.SW_VerifyDifferentSortingTest@8458f04]" started-at="2023-07-12T10:49:59 IST" name="setUp" finished-at="2023-07-12T10:50:02 IST" duration-ms="2635" status="PASS">
          <reporter-output>
          </reporter-output>
        </test-method> <!-- setUp -->
        <test-method signature="VerifySorting()[pri:0, instance:com.pom.SW_VerifyDifferentSortingTest@8458f04]" started-at="2023-07-12T10:50:02 IST" name="VerifySorting" finished-at="2023-07-12T10:50:04 IST" duration-ms="1517" status="PASS">
          <reporter-output>
          </reporter-output>
        </test-method> <!-- VerifySorting -->
        <test-method is-config="true" signature="tearDown()[pri:0, instance:com.pom.SW_VerifyDifferentSortingTest@8458f04]" started-at="2023-07-12T10:50:04 IST" name="tearDown" finished-at="2023-07-12T10:50:04 IST" duration-ms="299" status="PASS">
          <reporter-output>
          </reporter-output>
        </test-method> <!-- tearDown -->
      </class> <!-- com.pom.SW_VerifyDifferentSortingTest -->
      <class name="com.pom.SW_VerificationOfCartValueTest">
        <test-method is-config="true" signature="setUp()[pri:0, instance:com.pom.SW_VerificationOfCartValueTest@18271936]" started-at="2023-07-12T10:49:51 IST" name="setUp" finished-at="2023-07-12T10:49:54 IST" duration-ms="2772" status="PASS">
          <reporter-output>
          </reporter-output>
        </test-method> <!-- setUp -->
        <test-method signature="VerifiyCartValue()[pri:0, instance:com.pom.SW_VerificationOfCartValueTest@18271936]" started-at="2023-07-12T10:49:54 IST" name="VerifiyCartValue" finished-at="2023-07-12T10:49:55 IST" duration-ms="1174" status="PASS">
          <reporter-output>
          </reporter-output>
        </test-method> <!-- VerifiyCartValue -->
        <test-method is-config="true" signature="tearDown()[pri:0, instance:com.pom.SW_VerificationOfCartValueTest@18271936]" started-at="2023-07-12T10:49:55 IST" name="tearDown" finished-at="2023-07-12T10:49:55 IST" duration-ms="318" status="PASS">
          <reporter-output>
          </reporter-output>
        </test-method> <!-- tearDown -->
      </class> <!-- com.pom.SW_VerificationOfCartValueTest -->
      <class name="com.pom.SW_VerifyProductsInCartTest">
        <test-method is-config="true" signature="setUp()[pri:0, instance:com.pom.SW_VerifyProductsInCartTest@606e4010]" started-at="2023-07-12T10:49:55 IST" name="setUp" finished-at="2023-07-12T10:49:58 IST" duration-ms="2863" status="PASS">
          <reporter-output>
          </reporter-output>
        </test-method> <!-- setUp -->
        <test-method signature="ProductCheckOut()[pri:0, instance:com.pom.SW_VerifyProductsInCartTest@606e4010]" started-at="2023-07-12T10:49:58 IST" name="ProductCheckOut" finished-at="2023-07-12T10:49:59 IST" duration-ms="1190" status="PASS">
          <reporter-output>
          </reporter-output>
        </test-method> <!-- ProductCheckOut -->
        <test-method is-config="true" signature="tearDown()[pri:0, instance:com.pom.SW_VerifyProductsInCartTest@606e4010]" started-at="2023-07-12T10:49:59 IST" name="tearDown" finished-at="2023-07-12T10:49:59 IST" duration-ms="307" status="PASS">
          <reporter-output>
          </reporter-output>
        </test-method> <!-- tearDown -->
      </class> <!-- com.pom.SW_VerifyProductsInCartTest -->
      <class name="com.pom.SW_LoginTest">
        <test-method is-config="true" signature="setUp()[pri:0, instance:com.pom.SW_LoginTest@48075da3]" started-at="2023-07-12T10:50:04 IST" name="setUp" finished-at="2023-07-12T10:50:07 IST" duration-ms="2806" status="PASS">
          <reporter-output>
          </reporter-output>
        </test-method> <!-- setUp -->
        <test-method signature="verifyErrorMeassageForInvalidUser(java.lang.String,java.lang.String)[pri:0, instance:com.pom.SW_LoginTest@48075da3]" started-at="2023-07-12T10:50:07 IST" name="verifyErrorMeassageForInvalidUser" data-provider="invalidData" finished-at="2023-07-12T10:50:07 IST" duration-ms="619" status="PASS">
          <params>
            <param index="0">
              <value>
                <![CDATA[standard]]>
              </value>
            </param>
            <param index="1">
              <value>
                <![CDATA[secret_]]>
              </value>
            </param>
          </params>
          <reporter-output>
          </reporter-output>
        </test-method> <!-- verifyErrorMeassageForInvalidUser -->
        <test-method is-config="true" signature="tearDown()[pri:0, instance:com.pom.SW_LoginTest@48075da3]" started-at="2023-07-12T10:50:07 IST" name="tearDown" finished-at="2023-07-12T10:50:08 IST" duration-ms="305" status="PASS">
          <reporter-output>
          </reporter-output>
        </test-method> <!-- tearDown -->
        <test-method is-config="true" signature="setUp()[pri:0, instance:com.pom.SW_LoginTest@48075da3]" started-at="2023-07-12T10:50:08 IST" name="setUp" finished-at="2023-07-12T10:50:10 IST" duration-ms="2714" status="PASS">
          <reporter-output>
          </reporter-output>
        </test-method> <!-- setUp -->
        <test-method signature="verifyErrorMeassageForInvalidUser(java.lang.String,java.lang.String)[pri:0, instance:com.pom.SW_LoginTest@48075da3]" started-at="2023-07-12T10:50:10 IST" name="verifyErrorMeassageForInvalidUser" data-provider="invalidData" finished-at="2023-07-12T10:50:11 IST" duration-ms="586" status="PASS">
          <params>
            <param index="0">
              <value>
                <![CDATA[]]>
              </value>
            </param>
            <param index="1">
              <value>
                <![CDATA[]]>
              </value>
            </param>
          </params>
          <reporter-output>
          </reporter-output>
        </test-method> <!-- verifyErrorMeassageForInvalidUser -->
        <test-method is-config="true" signature="tearDown()[pri:0, instance:com.pom.SW_LoginTest@48075da3]" started-at="2023-07-12T10:50:11 IST" name="tearDown" finished-at="2023-07-12T10:50:11 IST" duration-ms="316" status="PASS">
          <reporter-output>
          </reporter-output>
        </test-method> <!-- tearDown -->
        <test-method is-config="true" signature="setUp()[pri:0, instance:com.pom.SW_LoginTest@48075da3]" started-at="2023-07-12T10:50:11 IST" name="setUp" finished-at="2023-07-12T10:50:14 IST" duration-ms="2707" status="PASS">
          <reporter-output>
          </reporter-output>
        </test-method> <!-- setUp -->
        <test-method signature="verifyErrorMeassageForInvalidUser(java.lang.String,java.lang.String)[pri:0, instance:com.pom.SW_LoginTest@48075da3]" started-at="2023-07-12T10:50:14 IST" name="verifyErrorMeassageForInvalidUser" data-provider="invalidData" finished-at="2023-07-12T10:50:14 IST" duration-ms="596" status="PASS">
          <params>
            <param index="0">
              <value>
                <![CDATA[standard_user]]>
              </value>
            </param>
            <param index="1">
              <value>
                <![CDATA[]]>
              </value>
            </param>
          </params>
          <reporter-output>
          </reporter-output>
        </test-method> <!-- verifyErrorMeassageForInvalidUser -->
        <test-method is-config="true" signature="tearDown()[pri:0, instance:com.pom.SW_LoginTest@48075da3]" started-at="2023-07-12T10:50:15 IST" name="tearDown" finished-at="2023-07-12T10:50:15 IST" duration-ms="315" status="PASS">
          <reporter-output>
          </reporter-output>
        </test-method> <!-- tearDown -->
        <test-method is-config="true" signature="setUp()[pri:0, instance:com.pom.SW_LoginTest@48075da3]" started-at="2023-07-12T10:50:15 IST" name="setUp" finished-at="2023-07-12T10:50:18 IST" duration-ms="3354" status="PASS">
          <reporter-output>
          </reporter-output>
        </test-method> <!-- setUp -->
        <test-method signature="verifyErrorMeassageForInvalidUser(java.lang.String,java.lang.String)[pri:0, instance:com.pom.SW_LoginTest@48075da3]" started-at="2023-07-12T10:50:18 IST" name="verifyErrorMeassageForInvalidUser" data-provider="invalidData" finished-at="2023-07-12T10:50:19 IST" duration-ms="634" status="PASS">
          <params>
            <param index="0">
              <value>
                <![CDATA[standard_user]]>
              </value>
            </param>
            <param index="1">
              <value>
                <![CDATA[wrong]]>
              </value>
            </param>
          </params>
          <reporter-output>
          </reporter-output>
        </test-method> <!-- verifyErrorMeassageForInvalidUser -->
        <test-method is-config="true" signature="tearDown()[pri:0, instance:com.pom.SW_LoginTest@48075da3]" started-at="2023-07-12T10:50:19 IST" name="tearDown" finished-at="2023-07-12T10:50:19 IST" duration-ms="301" status="PASS">
          <reporter-output>
          </reporter-output>
        </test-method> <!-- tearDown -->
        <test-method is-config="true" signature="setUp()[pri:0, instance:com.pom.SW_LoginTest@48075da3]" started-at="2023-07-12T10:50:19 IST" name="setUp" finished-at="2023-07-12T10:50:22 IST" duration-ms="2718" status="PASS">
          <reporter-output>
          </reporter-output>
        </test-method> <!-- setUp -->
        <test-method signature="verifyErrorMeassageForInvalidUser(java.lang.String,java.lang.String)[pri:0, instance:com.pom.SW_LoginTest@48075da3]" started-at="2023-07-12T10:50:22 IST" name="verifyErrorMeassageForInvalidUser" data-provider="invalidData" finished-at="2023-07-12T10:50:22 IST" duration-ms="609" status="PASS">
          <params>
            <param index="0">
              <value>
                <![CDATA[locked_out_user]]>
              </value>
            </param>
            <param index="1">
              <value>
                <![CDATA[secret_sauce]]>
              </value>
            </param>
          </params>
          <reporter-output>
          </reporter-output>
        </test-method> <!-- verifyErrorMeassageForInvalidUser -->
        <test-method is-config="true" signature="tearDown()[pri:0, instance:com.pom.SW_LoginTest@48075da3]" started-at="2023-07-12T10:50:22 IST" name="tearDown" finished-at="2023-07-12T10:50:23 IST" duration-ms="319" status="PASS">
          <reporter-output>
          </reporter-output>
        </test-method> <!-- tearDown -->
      </class> <!-- com.pom.SW_LoginTest -->
      <class name="com.pom.SW_ProductCheckoutTest">
        <test-method is-config="true" signature="setUp()[pri:0, instance:com.pom.SW_ProductCheckoutTest@7674f035]" started-at="2023-07-12T10:49:43 IST" name="setUp" finished-at="2023-07-12T10:49:47 IST" duration-ms="4288" status="PASS">
          <reporter-output>
          </reporter-output>
        </test-method> <!-- setUp -->
        <test-method signature="ProductCheckOut()[pri:0, instance:com.pom.SW_ProductCheckoutTest@7674f035]" started-at="2023-07-12T10:49:47 IST" name="ProductCheckOut" finished-at="2023-07-12T10:49:50 IST" duration-ms="2968" status="PASS">
          <reporter-output>
          </reporter-output>
        </test-method> <!-- ProductCheckOut -->
        <test-method is-config="true" signature="tearDown()[pri:0, instance:com.pom.SW_ProductCheckoutTest@7674f035]" started-at="2023-07-12T10:49:50 IST" name="tearDown" finished-at="2023-07-12T10:49:51 IST" duration-ms="371" status="PASS">
          <reporter-output>
          </reporter-output>
        </test-method> <!-- tearDown -->
      </class> <!-- com.pom.SW_ProductCheckoutTest -->
    </test> <!-- Test -->
  </suite> <!-- Suite -->
</testng-results>
